  MINI_PROJEKT.cpp
c:\users\dell\source\repos\mini_projekt\mini_projekt\stringhelp.h(28): warning C4018: '<': signed/unsigned mismatch
c:\users\dell\source\repos\mini_projekt\mini_projekt\matrix.h(501): warning C4244: '=': conversion from 'int' to 'T', possible loss of data
          with
          [
              T=float
          ]
  c:\users\dell\source\repos\mini_projekt\mini_projekt\matrix.h(496): note: while compiling class template member function 'void Matrix<float>::fillRandom(void)'
  c:\users\dell\source\repos\mini_projekt\mini_projekt\mini_projekt.cpp(49): note: see reference to function template instantiation 'void Matrix<float>::fillRandom(void)' being compiled
  c:\users\dell\source\repos\mini_projekt\mini_projekt\mini_projekt.cpp(46): note: see reference to class template instantiation 'Matrix<float>' being compiled
c:\users\dell\source\repos\mini_projekt\mini_projekt\matrix.h(589): warning C4018: '<': signed/unsigned mismatch
  c:\users\dell\source\repos\mini_projekt\mini_projekt\matrix.h(587): note: while compiling class template member function 'int Matrix<int>::checkTotalElementsOfVectorMatrix(std::vector<std::vector<T,std::allocator<_Ty>>,std::allocator<std::vector<_Ty,std::allocator<_Ty>>>> &)'
          with
          [
              T=int,
              _Ty=int
          ]
  c:\users\dell\source\repos\mini_projekt\mini_projekt\matrix.h(430): note: see reference to function template instantiation 'int Matrix<int>::checkTotalElementsOfVectorMatrix(std::vector<std::vector<T,std::allocator<_Ty>>,std::allocator<std::vector<_Ty,std::allocator<_Ty>>>> &)' being compiled
          with
          [
              T=int,
              _Ty=int
          ]
  c:\users\dell\source\repos\mini_projekt\mini_projekt\matrix.h(77): note: while compiling class template member function 'Matrix<int>::Matrix(int,int,int &)'
  c:\users\dell\source\repos\mini_projekt\mini_projekt\mini_projekt.cpp(12): note: see reference to function template instantiation 'Matrix<int>::Matrix(int,int,int &)' being compiled
  c:\users\dell\source\repos\mini_projekt\mini_projekt\mini_projekt.cpp(12): note: see reference to class template instantiation 'Matrix<int>' being compiled
c:\users\dell\source\repos\mini_projekt\mini_projekt\matrix.h(590): warning C4018: '<': signed/unsigned mismatch
  Matrix.cpp
c:\users\dell\source\repos\mini_projekt\mini_projekt\stringhelp.h(28): warning C4018: '<': signed/unsigned mismatch
  Generating Code...
  MINI_PROJEKT.vcxproj -> C:\Users\Dell\source\repos\MINI_PROJEKT\Debug\MINI_PROJEKT.exe
